[24Dec2024 00:00:08.071] [Thread-432/INFO] [net.minecraft.server.MinecraftServer/]: <NotTrainok> busca cañas
[24Dec2024 00:00:14.937] [Thread-433/INFO] [net.minecraft.server.MinecraftServer/]: <Dxn1el_Is> si
[24Dec2024 00:00:47.788] [Thread-434/INFO] [net.minecraft.server.MinecraftServer/]: <NotTrainok> zzzz
[24Dec2024 00:00:59.703] [Thread-435/INFO] [net.minecraft.server.MinecraftServer/]: <Dxn1el_Is> 1 semana
[24Dec2024 00:01:11.698] [Server thread/WARN] [net.minecraft.server.level.ServerLevel/]: Tried to add entity zombie_island:walker but it was marked as removed already
[24Dec2024 00:01:16.448] [Server thread/WARN] [net.minecraft.server.level.ServerLevel/]: Tried to add entity zombie_island:shambler but it was marked as removed already
[24Dec2024 00:01:30.565] [Server thread/INFO] [net.minecraft.server.MinecraftServer/]: NotTrainok has completed the challenge [We Union!]
[24Dec2024 00:01:33.525] [Thread-439/INFO] [net.minecraft.server.MinecraftServer/]: <Dxn1el_Is> ?
[24Dec2024 00:01:43.281] [Server thread/INFO] [net.minecraft.server.MinecraftServer/]: [Dxn1el_Is: Skin changed]
[24Dec2024 00:01:45.927] [Thread-441/INFO] [net.minecraft.server.MinecraftServer/]: <NotTrainok> puse el radio que encontre en el copso
[24Dec2024 00:01:59.506] [Thread-442/INFO] [net.minecraft.server.MinecraftServer/]: <Dxn1el_Is> a
[24Dec2024 00:03:33.171] [Thread-445/INFO] [net.minecraft.server.MinecraftServer/]: <Dxn1el_Is> que mierda
[24Dec2024 00:03:35.835] [Thread-446/INFO] [net.minecraft.server.MinecraftServer/]: <Dxn1el_Is> encontre algo
[24Dec2024 00:03:38.720] [Thread-447/INFO] [net.minecraft.server.MinecraftServer/]: <NotTrainok> ?
[24Dec2024 00:03:55.652] [Thread-448/INFO] [net.minecraft.server.MinecraftServer/]: <Dxn1el_Is> no se,como pasillos submarinos
[24Dec2024 00:04:00.354] [Thread-449/INFO] [net.minecraft.server.MinecraftServer/]: <NotTrainok> q
[24Dec2024 00:04:14.031] [Server thread/WARN] [net.minecraft.server.level.ServerLevel/]: Tried to add entity zombie_island:shambler but it was marked as removed already
[24Dec2024 00:04:14.033] [Server thread/WARN] [net.minecraft.server.level.ServerLevel/]: Tried to add entity zombie_island:shambler but it was marked as removed already
[24Dec2024 00:04:40.321] [Thread-454/INFO] [net.minecraft.server.MinecraftServer/]: <NotTrainok> ando lag
[24Dec2024 00:04:51.231] [Thread-455/INFO] [net.minecraft.server.MinecraftServer/]: <Dxn1el_Is> xd
[24Dec2024 00:05:06.423] [Worker-Main-92/ERROR] [lostcities/]: Error generating chunk 29,37: Cannot invoke "net.minecraft.world.level.block.state.BlockState.m_60734_()" because "state" is null
java.lang.NullPointerException: Cannot invoke "net.minecraft.world.level.block.state.BlockState.m_60734_()" because "state" is null
	at mcjty.lostcities.worldgen.ChunkDriver.correct(ChunkDriver.java:281) ~[lostcities-1.20-7.3.5.jar%23290!/:1.20-7.3.5]
	at mcjty.lostcities.worldgen.ChunkDriver.add(ChunkDriver.java:322) ~[lostcities-1.20-7.3.5.jar%23290!/:1.20-7.3.5]
	at mcjty.lostcities.worldgen.gen.Stuff.actuallyGenerateStuff(Stuff.java:96) ~[lostcities-1.20-7.3.5.jar%23290!/:1.20-7.3.5]
	at mcjty.lostcities.worldgen.gen.Stuff.generateStuff(Stuff.java:36) ~[lostcities-1.20-7.3.5.jar%23290!/:1.20-7.3.5]
	at mcjty.lostcities.worldgen.LostCityTerrainFeature.doCityChunk(LostCityTerrainFeature.java:939) ~[lostcities-1.20-7.3.5.jar%23290!/:1.20-7.3.5]
	at mcjty.lostcities.worldgen.LostCityTerrainFeature.generate(LostCityTerrainFeature.java:297) ~[lostcities-1.20-7.3.5.jar%23290!/:1.20-7.3.5]
	at mcjty.lostcities.worldgen.LostCityFeature.m_142674_(LostCityFeature.java:62) ~[lostcities-1.20-7.3.5.jar%23290!/:1.20-7.3.5]
	at net.minecraft.world.level.levelgen.feature.Feature.m_225028_(Feature.java:155) ~[server-1.20.1-20230612.114412-srg.jar%23343!/:?]
	at net.minecraft.world.level.levelgen.feature.ConfiguredFeature.m_224953_(ConfiguredFeature.java:28) ~[server-1.20.1-20230612.114412-srg.jar%23343!/:?]
	at net.minecraft.world.level.levelgen.placement.PlacedFeature.m_226362_(PlacedFeature.java:54) ~[server-1.20.1-20230612.114412-srg.jar%23343!/:?]
	at java.util.stream.ForEachOps$ForEachOp$OfRef.accept(ForEachOps.java:184) ~[?:?]
	at java.util.stream.ForEachOps$ForEachOp$OfRef.accept(ForEachOps.java:184) ~[?:?]
	at java.util.stream.IntPipeline$1$1.accept(IntPipeline.java:180) ~[?:?]
	at java.util.stream.Streams$RangeIntSpliterator.forEachRemaining(Streams.java:104) ~[?:?]
	at java.util.Spliterator$OfInt.forEachRemaining(Spliterator.java:712) ~[?:?]
	at java.util.stream.AbstractPipeline.copyInto(AbstractPipeline.java:509) ~[?:?]
	at java.util.stream.AbstractPipeline.wrapAndCopyInto(AbstractPipeline.java:499) ~[?:?]
	at java.util.stream.ForEachOps$ForEachOp.evaluateSequential(ForEachOps.java:151) ~[?:?]
	at java.util.stream.ForEachOps$ForEachOp$OfRef.evaluateSequential(ForEachOps.java:174) ~[?:?]
	at java.util.stream.AbstractPipeline.evaluate(AbstractPipeline.java:234) ~[?:?]
	at java.util.stream.ReferencePipeline.forEach(ReferencePipeline.java:596) ~[?:?]
	at java.util.stream.ReferencePipeline$7$1.accept(ReferencePipeline.java:276) ~[?:?]
	at java.util.stream.Streams$StreamBuilderImpl.forEachRemaining(Streams.java:411) ~[?:?]
	at java.util.stream.AbstractPipeline.copyInto(AbstractPipeline.java:509) ~[?:?]
	at java.util.stream.AbstractPipeline.wrapAndCopyInto(AbstractPipeline.java:499) ~[?:?]
	at java.util.stream.ForEachOps$ForEachOp.evaluateSequential(ForEachOps.java:151) ~[?:?]
	at java.util.stream.ForEachOps$ForEachOp$OfRef.evaluateSequential(ForEachOps.java:174) ~[?:?]
	at java.util.stream.AbstractPipeline.evaluate(AbstractPipeline.java:234) ~[?:?]
	at java.util.stream.ReferencePipeline.forEach(ReferencePipeline.java:596) ~[?:?]
	at net.minecraft.world.level.levelgen.placement.PlacedFeature.m_226368_(PlacedFeature.java:53) ~[server-1.20.1-20230612.114412-srg.jar%23343!/:?]
	at net.minecraft.world.level.levelgen.placement.PlacedFeature.m_226377_(PlacedFeature.java:42) ~[server-1.20.1-20230612.114412-srg.jar%23343!/:?]
	at net.minecraft.world.level.chunk.ChunkGenerator.m_213609_(ChunkGenerator.java:357) ~[server-1.20.1-20230612.114412-srg.jar%23343!/:?]
	at net.minecraft.world.level.chunk.ChunkStatus.m_279978_(ChunkStatus.java:108) ~[server-1.20.1-20230612.114412-srg.jar%23343!/:?]
	at net.minecraft.world.level.chunk.ChunkStatus$SimpleGenerationTask.m_214024_(ChunkStatus.java:309) ~[server-1.20.1-20230612.114412-srg.jar%23343!/:?]
	at net.minecraft.world.level.chunk.ChunkStatus.m_280308_(ChunkStatus.java:252) ~[server-1.20.1-20230612.114412-srg.jar%23343!/:?]
	at net.minecraft.server.level.ChunkMap.lambda$scheduleChunkGeneration$27(ChunkMap.java:643) ~[server-1.20.1-20230612.114412-srg.jar%23343!/:?]
	at com.mojang.datafixers.util.Either$Left.map(Either.java:38) ~[datafixerupper-6.0.8.jar%2377!/:?]
	at net.minecraft.server.level.ChunkMap.lambda$scheduleChunkGeneration$29(ChunkMap.java:634) ~[server-1.20.1-20230612.114412-srg.jar%23343!/:?]
	at java.util.concurrent.CompletableFuture$UniCompose.tryFire(CompletableFuture.java:1150) ~[?:?]
	at java.util.concurrent.CompletableFuture$Completion.run(CompletableFuture.java:482) ~[?:?]
	at net.minecraft.server.level.ChunkTaskPriorityQueueSorter.m_143188_(ChunkTaskPriorityQueueSorter.java:62) ~[server-1.20.1-20230612.114412-srg.jar%23343!/:?]
	at net.minecraft.util.thread.ProcessorMailbox.m_18759_(ProcessorMailbox.java:91) ~[server-1.20.1-20230612.114412-srg.jar%23343!/:?]
	at net.minecraft.util.thread.ProcessorMailbox.m_18747_(ProcessorMailbox.java:146) ~[server-1.20.1-20230612.114412-srg.jar%23343!/:?]
	at net.minecraft.util.thread.ProcessorMailbox.run(ProcessorMailbox.java:102) ~[server-1.20.1-20230612.114412-srg.jar%23343!/:?]
	at java.util.concurrent.ForkJoinTask$RunnableExecuteAction.exec(ForkJoinTask.java:1423) ~[?:?]
	at java.util.concurrent.ForkJoinTask.doExec(ForkJoinTask.java:387) ~[?:?]
	at java.util.concurrent.ForkJoinPool$WorkQueue.topLevelExec(ForkJoinPool.java:1312) ~[?:?]
	at java.util.concurrent.ForkJoinPool.scan(ForkJoinPool.java:1843) ~[?:?]
	at java.util.concurrent.ForkJoinPool.runWorker(ForkJoinPool.java:1808) ~[?:?]
	at java.util.concurrent.ForkJoinWorkerThread.run(ForkJoinWorkerThread.java:188) ~[?:?]
[24Dec2024 00:05:06.487] [Worker-Main-92/INFO] [lostcities/]: IsCity: true
[24Dec2024 00:05:06.487] [Worker-Main-92/INFO] [lostcities/]:     Level: 1
[24Dec2024 00:05:06.488] [Worker-Main-92/INFO] [lostcities/]:     Building: building8
[24Dec2024 00:05:06.488] [Worker-Main-92/INFO] [lostcities/]:         Floors: 1
[24Dec2024 00:05:06.488] [Worker-Main-92/INFO] [lostcities/]:         Cellars: 0
[24Dec2024 00:05:57.014] [Thread-456/INFO] [net.minecraft.server.MinecraftServer/]: <Dxn1el_Is> son como mineshafts marinas
[24Dec2024 00:06:02.568] [Worker-Main-1/INFO] [ModernFix/]: Instantiating Mojang DFU
[24Dec2024 00:08:01.825] [Thread-459/INFO] [net.minecraft.server.MinecraftServer/]: <Dxn1el_Is> encontre cosas q valen oro
[24Dec2024 00:08:12.234] [Server thread/INFO] [net.minecraft.server.MinecraftServer/]: [NotTrainok: Gave 3 [Sugar Cane] to NotTrainok]
[24Dec2024 00:08:34.142] [Worker-Main-1/ERROR] [lostcities/]: Error generating chunk 30,35: Cannot invoke "net.minecraft.world.level.block.state.BlockState.m_60734_()" because "state" is null
java.lang.NullPointerException: Cannot invoke "net.minecraft.world.level.block.state.BlockState.m_60734_()" because "state" is null
	at mcjty.lostcities.worldgen.ChunkDriver.correct(ChunkDriver.java:281) ~[lostcities-1.20-7.3.5.jar%23290!/:1.20-7.3.5]
	at mcjty.lostcities.worldgen.ChunkDriver.add(ChunkDriver.java:322) ~[lostcities-1.20-7.3.5.jar%23290!/:1.20-7.3.5]
	at mcjty.lostcities.worldgen.gen.Stuff.actuallyGenerateStuff(Stuff.java:96) ~[lostcities-1.20-7.3.5.jar%23290!/:1.20-7.3.5]
	at mcjty.lostcities.worldgen.gen.Stuff.generateStuff(Stuff.java:36) ~[lostcities-1.20-7.3.5.jar%23290!/:1.20-7.3.5]
	at mcjty.lostcities.worldgen.LostCityTerrainFeature.doCityChunk(LostCityTerrainFeature.java:939) ~[lostcities-1.20-7.3.5.jar%23290!/:1.20-7.3.5]
	at mcjty.lostcities.worldgen.LostCityTerrainFeature.generate(LostCityTerrainFeature.java:297) ~[lostcities-1.20-7.3.5.jar%23290!/:1.20-7.3.5]
	at mcjty.lostcities.worldgen.LostCityFeature.m_142674_(LostCityFeature.java:62) ~[lostcities-1.20-7.3.5.jar%23290!/:1.20-7.3.5]
	at net.minecraft.world.level.levelgen.feature.Feature.m_225028_(Feature.java:155) ~[server-1.20.1-20230612.114412-srg.jar%23343!/:?]
	at net.minecraft.world.level.levelgen.feature.ConfiguredFeature.m_224953_(ConfiguredFeature.java:28) ~[server-1.20.1-20230612.114412-srg.jar%23343!/:?]
	at net.minecraft.world.level.levelgen.placement.PlacedFeature.m_226362_(PlacedFeature.java:54) ~[server-1.20.1-20230612.114412-srg.jar%23343!/:?]
	at java.util.stream.ForEachOps$ForEachOp$OfRef.accept(ForEachOps.java:184) ~[?:?]
	at java.util.stream.ForEachOps$ForEachOp$OfRef.accept(ForEachOps.java:184) ~[?:?]
	at java.util.stream.IntPipeline$1$1.accept(IntPipeline.java:180) ~[?:?]
	at java.util.stream.Streams$RangeIntSpliterator.forEachRemaining(Streams.java:104) ~[?:?]
	at java.util.Spliterator$OfInt.forEachRemaining(Spliterator.java:712) ~[?:?]
	at java.util.stream.AbstractPipeline.copyInto(AbstractPipeline.java:509) ~[?:?]
	at java.util.stream.AbstractPipeline.wrapAndCopyInto(AbstractPipeline.java:499) ~[?:?]
	at java.util.stream.ForEachOps$ForEachOp.evaluateSequential(ForEachOps.java:151) ~[?:?]
	at java.util.stream.ForEachOps$ForEachOp$OfRef.evaluateSequential(ForEachOps.java:174) ~[?:?]
	at java.util.stream.AbstractPipeline.evaluate(AbstractPipeline.java:234) ~[?:?]
	at java.util.stream.ReferencePipeline.forEach(ReferencePipeline.java:596) ~[?:?]
	at java.util.stream.ReferencePipeline$7$1.accept(ReferencePipeline.java:276) ~[?:?]
	at java.util.stream.Streams$StreamBuilderImpl.forEachRemaining(Streams.java:411) ~[?:?]
	at java.util.stream.AbstractPipeline.copyInto(AbstractPipeline.java:509) ~[?:?]
	at java.util.stream.AbstractPipeline.wrapAndCopyInto(AbstractPipeline.java:499) ~[?:?]
	at java.util.stream.ForEachOps$ForEachOp.evaluateSequential(ForEachOps.java:151) ~[?:?]
	at java.util.stream.ForEachOps$ForEachOp$OfRef.evaluateSequential(ForEachOps.java:174) ~[?:?]
	at java.util.stream.AbstractPipeline.evaluate(AbstractPipeline.java:234) ~[?:?]
	at java.util.stream.ReferencePipeline.forEach(ReferencePipeline.java:596) ~[?:?]
	at net.minecraft.world.level.levelgen.placement.PlacedFeature.m_226368_(PlacedFeature.java:53) ~[server-1.20.1-20230612.114412-srg.jar%23343!/:?]
	at net.minecraft.world.level.levelgen.placement.PlacedFeature.m_226377_(PlacedFeature.java:42) ~[server-1.20.1-20230612.114412-srg.jar%23343!/:?]
	at net.minecraft.world.level.chunk.ChunkGenerator.m_213609_(ChunkGenerator.java:357) ~[server-1.20.1-20230612.114412-srg.jar%23343!/:?]
	at net.minecraft.world.level.chunk.ChunkStatus.m_279978_(ChunkStatus.java:108) ~[server-1.20.1-20230612.114412-srg.jar%23343!/:?]
	at net.minecraft.world.level.chunk.ChunkStatus$SimpleGenerationTask.m_214024_(ChunkStatus.java:309) ~[server-1.20.1-20230612.114412-srg.jar%23343!/:?]
	at net.minecraft.world.level.chunk.ChunkStatus.m_280308_(ChunkStatus.java:252) ~[server-1.20.1-20230612.114412-srg.jar%23343!/:?]
	at net.minecraft.server.level.ChunkMap.lambda$scheduleChunkGeneration$27(ChunkMap.java:643) ~[server-1.20.1-20230612.114412-srg.jar%23343!/:?]
	at com.mojang.datafixers.util.Either$Left.map(Either.java:38) ~[datafixerupper-6.0.8.jar%2377!/:?]
	at net.minecraft.server.level.ChunkMap.lambda$scheduleChunkGeneration$29(ChunkMap.java:634) ~[server-1.20.1-20230612.114412-srg.jar%23343!/:?]
	at java.util.concurrent.CompletableFuture$UniCompose.tryFire(CompletableFuture.java:1150) ~[?:?]
	at java.util.concurrent.CompletableFuture$Completion.run(CompletableFuture.java:482) ~[?:?]
	at net.minecraft.server.level.ChunkTaskPriorityQueueSorter.m_143188_(ChunkTaskPriorityQueueSorter.java:62) ~[server-1.20.1-20230612.114412-srg.jar%23343!/:?]
	at net.minecraft.util.thread.ProcessorMailbox.m_18759_(ProcessorMailbox.java:91) ~[server-1.20.1-20230612.114412-srg.jar%23343!/:?]
	at net.minecraft.util.thread.ProcessorMailbox.m_18747_(ProcessorMailbox.java:146) ~[server-1.20.1-20230612.114412-srg.jar%23343!/:?]
	at net.minecraft.util.thread.ProcessorMailbox.run(ProcessorMailbox.java:102) ~[server-1.20.1-20230612.114412-srg.jar%23343!/:?]
	at java.util.concurrent.ForkJoinTask$RunnableExecuteAction.exec(ForkJoinTask.java:1423) ~[?:?]
	at java.util.concurrent.ForkJoinTask.doExec(ForkJoinTask.java:387) ~[?:?]
	at java.util.concurrent.ForkJoinPool$WorkQueue.topLevelExec(ForkJoinPool.java:1312) ~[?:?]
	at java.util.concurrent.ForkJoinPool.scan(ForkJoinPool.java:1843) ~[?:?]
	at java.util.concurrent.ForkJoinPool.runWorker(ForkJoinPool.java:1808) ~[?:?]
	at java.util.concurrent.ForkJoinWorkerThread.run(ForkJoinWorkerThread.java:188) ~[?:?]
[24Dec2024 00:08:34.182] [Worker-Main-1/INFO] [lostcities/]: IsCity: true
[24Dec2024 00:08:34.182] [Worker-Main-1/INFO] [lostcities/]:     Level: 1
[24Dec2024 00:08:34.182] [Worker-Main-1/INFO] [lostcities/]:     Building: building3
[24Dec2024 00:08:34.182] [Worker-Main-1/INFO] [lostcities/]:         Floors: 3
[24Dec2024 00:08:34.182] [Worker-Main-1/INFO] [lostcities/]:         Cellars: 0
[24Dec2024 00:08:35.696] [Worker-Main-1/ERROR] [lostcities/]: Error generating chunk 30,39: Cannot invoke "net.minecraft.world.level.block.state.BlockState.m_60734_()" because "state" is null
java.lang.NullPointerException: Cannot invoke "net.minecraft.world.level.block.state.BlockState.m_60734_()" because "state" is null
	at mcjty.lostcities.worldgen.ChunkDriver.correct(ChunkDriver.java:281) ~[lostcities-1.20-7.3.5.jar%23290!/:1.20-7.3.5]
	at mcjty.lostcities.worldgen.ChunkDriver.add(ChunkDriver.java:322) ~[lostcities-1.20-7.3.5.jar%23290!/:1.20-7.3.5]
	at mcjty.lostcities.worldgen.gen.Stuff.actuallyGenerateStuff(Stuff.java:96) ~[lostcities-1.20-7.3.5.jar%23290!/:1.20-7.3.5]
	at mcjty.lostcities.worldgen.gen.Stuff.generateStuff(Stuff.java:36) ~[lostcities-1.20-7.3.5.jar%23290!/:1.20-7.3.5]
	at mcjty.lostcities.worldgen.LostCityTerrainFeature.doCityChunk(LostCityTerrainFeature.java:939) ~[lostcities-1.20-7.3.5.jar%23290!/:1.20-7.3.5]
	at mcjty.lostcities.worldgen.LostCityTerrainFeature.generate(LostCityTerrainFeature.java:297) ~[lostcities-1.20-7.3.5.jar%23290!/:1.20-7.3.5]
	at mcjty.lostcities.worldgen.LostCityFeature.m_142674_(LostCityFeature.java:62) ~[lostcities-1.20-7.3.5.jar%23290!/:1.20-7.3.5]
	at net.minecraft.world.level.levelgen.feature.Feature.m_225028_(Feature.java:155) ~[server-1.20.1-20230612.114412-srg.jar%23343!/:?]
	at net.minecraft.world.level.levelgen.feature.ConfiguredFeature.m_224953_(ConfiguredFeature.java:28) ~[server-1.20.1-20230612.114412-srg.jar%23343!/:?]
	at net.minecraft.world.level.levelgen.placement.PlacedFeature.m_226362_(PlacedFeature.java:54) ~[server-1.20.1-20230612.114412-srg.jar%23343!/:?]
	at java.util.stream.ForEachOps$ForEachOp$OfRef.accept(ForEachOps.java:184) ~[?:?]
	at java.util.stream.ForEachOps$ForEachOp$OfRef.accept(ForEachOps.java:184) ~[?:?]
	at java.util.stream.IntPipeline$1$1.accept(IntPipeline.java:180) ~[?:?]
	at java.util.stream.Streams$RangeIntSpliterator.forEachRemaining(Streams.java:104) ~[?:?]
	at java.util.Spliterator$OfInt.forEachRemaining(Spliterator.java:712) ~[?:?]
	at java.util.stream.AbstractPipeline.copyInto(AbstractPipeline.java:509) ~[?:?]
	at java.util.stream.AbstractPipeline.wrapAndCopyInto(AbstractPipeline.java:499) ~[?:?]
	at java.util.stream.ForEachOps$ForEachOp.evaluateSequential(ForEachOps.java:151) ~[?:?]
	at java.util.stream.ForEachOps$ForEachOp$OfRef.evaluateSequential(ForEachOps.java:174) ~[?:?]
	at java.util.stream.AbstractPipeline.evaluate(AbstractPipeline.java:234) ~[?:?]
	at java.util.stream.ReferencePipeline.forEach(ReferencePipeline.java:596) ~[?:?]
	at java.util.stream.ReferencePipeline$7$1.accept(ReferencePipeline.java:276) ~[?:?]
	at java.util.stream.Streams$StreamBuilderImpl.forEachRemaining(Streams.java:411) ~[?:?]
	at java.util.stream.AbstractPipeline.copyInto(AbstractPipeline.java:509) ~[?:?]
	at java.util.stream.AbstractPipeline.wrapAndCopyInto(AbstractPipeline.java:499) ~[?:?]
	at java.util.stream.ForEachOps$ForEachOp.evaluateSequential(ForEachOps.java:151) ~[?:?]
	at java.util.stream.ForEachOps$ForEachOp$OfRef.evaluateSequential(ForEachOps.java:174) ~[?:?]
	at java.util.stream.AbstractPipeline.evaluate(AbstractPipeline.java:234) ~[?:?]
	at java.util.stream.ReferencePipeline.forEach(ReferencePipeline.java:596) ~[?:?]
	at net.minecraft.world.level.levelgen.placement.PlacedFeature.m_226368_(PlacedFeature.java:53) ~[server-1.20.1-20230612.114412-srg.jar%23343!/:?]
	at net.minecraft.world.level.levelgen.placement.PlacedFeature.m_226377_(PlacedFeature.java:42) ~[server-1.20.1-20230612.114412-srg.jar%23343!/:?]
	at net.minecraft.world.level.chunk.ChunkGenerator.m_213609_(ChunkGenerator.java:357) ~[server-1.20.1-20230612.114412-srg.jar%23343!/:?]
	at net.minecraft.world.level.chunk.ChunkStatus.m_279978_(ChunkStatus.java:108) ~[server-1.20.1-20230612.114412-srg.jar%23343!/:?]
	at net.minecraft.world.level.chunk.ChunkStatus$SimpleGenerationTask.m_214024_(ChunkStatus.java:309) ~[server-1.20.1-20230612.114412-srg.jar%23343!/:?]
	at net.minecraft.world.level.chunk.ChunkStatus.m_280308_(ChunkStatus.java:252) ~[server-1.20.1-20230612.114412-srg.jar%23343!/:?]
	at net.minecraft.server.level.ChunkMap.lambda$scheduleChunkGeneration$27(ChunkMap.java:643) ~[server-1.20.1-20230612.114412-srg.jar%23343!/:?]
	at com.mojang.datafixers.util.Either$Left.map(Either.java:38) ~[datafixerupper-6.0.8.jar%2377!/:?]
	at net.minecraft.server.level.ChunkMap.lambda$scheduleChunkGeneration$29(ChunkMap.java:634) ~[server-1.20.1-20230612.114412-srg.jar%23343!/:?]
	at java.util.concurrent.CompletableFuture$UniCompose.tryFire(CompletableFuture.java:1150) ~[?:?]
	at java.util.concurrent.CompletableFuture$Completion.run(CompletableFuture.java:482) ~[?:?]
	at net.minecraft.server.level.ChunkTaskPriorityQueueSorter.m_143188_(ChunkTaskPriorityQueueSorter.java:62) ~[server-1.20.1-20230612.114412-srg.jar%23343!/:?]
	at net.minecraft.util.thread.ProcessorMailbox.m_18759_(ProcessorMailbox.java:91) ~[server-1.20.1-20230612.114412-srg.jar%23343!/:?]
	at net.minecraft.util.thread.ProcessorMailbox.m_18747_(ProcessorMailbox.java:146) ~[server-1.20.1-20230612.114412-srg.jar%23343!/:?]
	at net.minecraft.util.thread.ProcessorMailbox.run(ProcessorMailbox.java:102) ~[server-1.20.1-20230612.114412-srg.jar%23343!/:?]
	at java.util.concurrent.ForkJoinTask$RunnableExecuteAction.exec(ForkJoinTask.java:1423) ~[?:?]
	at java.util.concurrent.ForkJoinTask.doExec(ForkJoinTask.java:387) ~[?:?]
	at java.util.concurrent.ForkJoinPool$WorkQueue.topLevelExec(ForkJoinPool.java:1312) ~[?:?]
	at java.util.concurrent.ForkJoinPool.scan(ForkJoinPool.java:1843) ~[?:?]
	at java.util.concurrent.ForkJoinPool.runWorker(ForkJoinPool.java:1808) ~[?:?]
	at java.util.concurrent.ForkJoinWorkerThread.run(ForkJoinWorkerThread.java:188) ~[?:?]
[24Dec2024 00:08:35.733] [Worker-Main-1/INFO] [lostcities/]: IsCity: true
[24Dec2024 00:08:35.733] [Worker-Main-1/INFO] [lostcities/]:     Level: 1
[24Dec2024 00:08:35.733] [Worker-Main-1/INFO] [lostcities/]:     Building: building5
[24Dec2024 00:08:35.734] [Worker-Main-1/INFO] [lostcities/]:         Floors: 2
[24Dec2024 00:08:35.734] [Worker-Main-1/INFO] [lostcities/]:         Cellars: 3
[24Dec2024 00:08:35.938] [Worker-Main-1/ERROR] [lostcities/]: Error generating chunk 30,40: Cannot invoke "net.minecraft.world.level.block.state.BlockState.m_60734_()" because "state" is null
java.lang.NullPointerException: Cannot invoke "net.minecraft.world.level.block.state.BlockState.m_60734_()" because "state" is null
	at mcjty.lostcities.worldgen.ChunkDriver.correct(ChunkDriver.java:281) ~[lostcities-1.20-7.3.5.jar%23290!/:1.20-7.3.5]
	at mcjty.lostcities.worldgen.ChunkDriver.add(ChunkDriver.java:322) ~[lostcities-1.20-7.3.5.jar%23290!/:1.20-7.3.5]
	at mcjty.lostcities.worldgen.gen.Stuff.actuallyGenerateStuff(Stuff.java:96) ~[lostcities-1.20-7.3.5.jar%23290!/:1.20-7.3.5]
	at mcjty.lostcities.worldgen.gen.Stuff.generateStuff(Stuff.java:36) ~[lostcities-1.20-7.3.5.jar%23290!/:1.20-7.3.5]
	at mcjty.lostcities.worldgen.LostCityTerrainFeature.doCityChunk(LostCityTerrainFeature.java:939) ~[lostcities-1.20-7.3.5.jar%23290!/:1.20-7.3.5]
	at mcjty.lostcities.worldgen.LostCityTerrainFeature.generate(LostCityTerrainFeature.java:297) ~[lostcities-1.20-7.3.5.jar%23290!/:1.20-7.3.5]
	at mcjty.lostcities.worldgen.LostCityFeature.m_142674_(LostCityFeature.java:62) ~[lostcities-1.20-7.3.5.jar%23290!/:1.20-7.3.5]
	at net.minecraft.world.level.levelgen.feature.Feature.m_225028_(Feature.java:155) ~[server-1.20.1-20230612.114412-srg.jar%23343!/:?]
	at net.minecraft.world.level.levelgen.feature.ConfiguredFeature.m_224953_(ConfiguredFeature.java:28) ~[server-1.20.1-20230612.114412-srg.jar%23343!/:?]
	at net.minecraft.world.level.levelgen.placement.PlacedFeature.m_226362_(PlacedFeature.java:54) ~[server-1.20.1-20230612.114412-srg.jar%23343!/:?]
	at java.util.stream.ForEachOps$ForEachOp$OfRef.accept(ForEachOps.java:184) ~[?:?]
	at java.util.stream.ForEachOps$ForEachOp$OfRef.accept(ForEachOps.java:184) ~[?:?]
	at java.util.stream.IntPipeline$1$1.accept(IntPipeline.java:180) ~[?:?]
	at java.util.stream.Streams$RangeIntSpliterator.forEachRemaining(Streams.java:104) ~[?:?]
	at java.util.Spliterator$OfInt.forEachRemaining(Spliterator.java:712) ~[?:?]
	at java.util.stream.AbstractPipeline.copyInto(AbstractPipeline.java:509) ~[?:?]
	at java.util.stream.AbstractPipeline.wrapAndCopyInto(AbstractPipeline.java:499) ~[?:?]
	at java.util.stream.ForEachOps$ForEachOp.evaluateSequential(ForEachOps.java:151) ~[?:?]
	at java.util.stream.ForEachOps$ForEachOp$OfRef.evaluateSequential(ForEachOps.java:174) ~[?:?]
	at java.util.stream.AbstractPipeline.evaluate(AbstractPipeline.java:234) ~[?:?]
	at java.util.stream.ReferencePipeline.forEach(ReferencePipeline.java:596) ~[?:?]
	at java.util.stream.ReferencePipeline$7$1.accept(ReferencePipeline.java:276) ~[?:?]
	at java.util.stream.Streams$StreamBuilderImpl.forEachRemaining(Streams.java:411) ~[?:?]
	at java.util.stream.AbstractPipeline.copyInto(AbstractPipeline.java:509) ~[?:?]
	at java.util.stream.AbstractPipeline.wrapAndCopyInto(AbstractPipeline.java:499) ~[?:?]
	at java.util.stream.ForEachOps$ForEachOp.evaluateSequential(ForEachOps.java:151) ~[?:?]
	at java.util.stream.ForEachOps$ForEachOp$OfRef.evaluateSequential(ForEachOps.java:174) ~[?:?]
	at java.util.stream.AbstractPipeline.evaluate(AbstractPipeline.java:234) ~[?:?]
	at java.util.stream.ReferencePipeline.forEach(ReferencePipeline.java:596) ~[?:?]
	at net.minecraft.world.level.levelgen.placement.PlacedFeature.m_226368_(PlacedFeature.java:53) ~[server-1.20.1-20230612.114412-srg.jar%23343!/:?]
	at net.minecraft.world.level.levelgen.placement.PlacedFeature.m_226377_(PlacedFeature.java:42) ~[server-1.20.1-20230612.114412-srg.jar%23343!/:?]
	at net.minecraft.world.level.chunk.ChunkGenerator.m_213609_(ChunkGenerator.java:357) ~[server-1.20.1-20230612.114412-srg.jar%23343!/:?]
	at net.minecraft.world.level.chunk.ChunkStatus.m_279978_(ChunkStatus.java:108) ~[server-1.20.1-20230612.114412-srg.jar%23343!/:?]
	at net.minecraft.world.level.chunk.ChunkStatus$SimpleGenerationTask.m_214024_(ChunkStatus.java:309) ~[server-1.20.1-20230612.114412-srg.jar%23343!/:?]
	at net.minecraft.world.level.chunk.ChunkStatus.m_280308_(ChunkStatus.java:252) ~[server-1.20.1-20230612.114412-srg.jar%23343!/:?]
	at net.minecraft.server.level.ChunkMap.lambda$scheduleChunkGeneration$27(ChunkMap.java:643) ~[server-1.20.1-20230612.114412-srg.jar%23343!/:?]
	at com.mojang.datafixers.util.Either$Left.map(Either.java:38) ~[datafixerupper-6.0.8.jar%2377!/:?]
	at net.minecraft.server.level.ChunkMap.lambda$scheduleChunkGeneration$29(ChunkMap.java:634) ~[server-1.20.1-20230612.114412-srg.jar%23343!/:?]
	at java.util.concurrent.CompletableFuture$UniCompose.tryFire(CompletableFuture.java:1150) ~[?:?]
	at java.util.concurrent.CompletableFuture$Completion.run(CompletableFuture.java:482) ~[?:?]
	at net.minecraft.server.level.ChunkTaskPriorityQueueSorter.m_143188_(ChunkTaskPriorityQueueSorter.java:62) ~[server-1.20.1-20230612.114412-srg.jar%23343!/:?]
	at net.minecraft.util.thread.ProcessorMailbox.m_18759_(ProcessorMailbox.java:91) ~[server-1.20.1-20230612.114412-srg.jar%23343!/:?]
	at net.minecraft.util.thread.ProcessorMailbox.m_18747_(ProcessorMailbox.java:146) ~[server-1.20.1-20230612.114412-srg.jar%23343!/:?]
	at net.minecraft.util.thread.ProcessorMailbox.run(ProcessorMailbox.java:102) ~[server-1.20.1-20230612.114412-srg.jar%23343!/:?]
	at java.util.concurrent.ForkJoinTask$RunnableExecuteAction.exec(ForkJoinTask.java:1423) ~[?:?]
	at java.util.concurrent.ForkJoinTask.doExec(ForkJoinTask.java:387) ~[?:?]
	at java.util.concurrent.ForkJoinPool$WorkQueue.topLevelExec(ForkJoinPool.java:1312) ~[?:?]
	at java.util.concurrent.ForkJoinPool.scan(ForkJoinPool.java:1843) ~[?:?]
	at java.util.concurrent.ForkJoinPool.runWorker(ForkJoinPool.java:1808) ~[?:?]
	at java.util.concurrent.ForkJoinWorkerThread.run(ForkJoinWorkerThread.java:188) ~[?:?]
[24Dec2024 00:08:35.989] [Worker-Main-1/INFO] [lostcities/]: IsCity: true
[24Dec2024 00:08:35.990] [Worker-Main-1/INFO] [lostcities/]:     Level: 1
[24Dec2024 00:08:35.991] [Worker-Main-1/INFO] [lostcities/]:     Building: building8
[24Dec2024 00:08:35.992] [Worker-Main-1/INFO] [lostcities/]:         Floors: 4
[24Dec2024 00:08:35.992] [Worker-Main-1/INFO] [lostcities/]:         Cellars: 2
[24Dec2024 00:08:53.358] [Worker-Main-1/ERROR] [lostcities/]: Error generating chunk 31,35: Cannot invoke "net.minecraft.world.level.block.state.BlockState.m_60734_()" because "state" is null
java.lang.NullPointerException: Cannot invoke "net.minecraft.world.level.block.state.BlockState.m_60734_()" because "state" is null
	at mcjty.lostcities.worldgen.ChunkDriver.correct(ChunkDriver.java:281) ~[lostcities-1.20-7.3.5.jar%23290!/:1.20-7.3.5]
	at mcjty.lostcities.worldgen.ChunkDriver.add(ChunkDriver.java:322) ~[lostcities-1.20-7.3.5.jar%23290!/:1.20-7.3.5]
	at mcjty.lostcities.worldgen.gen.Stuff.actuallyGenerateStuff(Stuff.java:96) ~[lostcities-1.20-7.3.5.jar%23290!/:1.20-7.3.5]
	at mcjty.lostcities.worldgen.gen.Stuff.generateStuff(Stuff.java:36) ~[lostcities-1.20-7.3.5.jar%23290!/:1.20-7.3.5]
	at mcjty.lostcities.worldgen.LostCityTerrainFeature.doCityChunk(LostCityTerrainFeature.java:939) ~[lostcities-1.20-7.3.5.jar%23290!/:1.20-7.3.5]
	at mcjty.lostcities.worldgen.LostCityTerrainFeature.generate(LostCityTerrainFeature.java:297) ~[lostcities-1.20-7.3.5.jar%23290!/:1.20-7.3.5]
	at mcjty.lostcities.worldgen.LostCityFeature.m_142674_(LostCityFeature.java:62) ~[lostcities-1.20-7.3.5.jar%23290!/:1.20-7.3.5]
	at net.minecraft.world.level.levelgen.feature.Feature.m_225028_(Feature.java:155) ~[server-1.20.1-20230612.114412-srg.jar%23343!/:?]
	at net.minecraft.world.level.levelgen.feature.ConfiguredFeature.m_224953_(ConfiguredFeature.java:28) ~[server-1.20.1-20230612.114412-srg.jar%23343!/:?]
	at net.minecraft.world.level.levelgen.placement.PlacedFeature.m_226362_(PlacedFeature.java:54) ~[server-1.20.1-20230612.114412-srg.jar%23343!/:?]
	at java.util.stream.ForEachOps$ForEachOp$OfRef.accept(ForEachOps.java:184) ~[?:?]
	at java.util.stream.ForEachOps$ForEachOp$OfRef.accept(ForEachOps.java:184) ~[?:?]
	at java.util.stream.IntPipeline$1$1.accept(IntPipeline.java:180) ~[?:?]
	at java.util.stream.Streams$RangeIntSpliterator.forEachRemaining(Streams.java:104) ~[?:?]
	at java.util.Spliterator$OfInt.forEachRemaining(Spliterator.java:712) ~[?:?]
	at java.util.stream.AbstractPipeline.copyInto(AbstractPipeline.java:509) ~[?:?]
	at java.util.stream.AbstractPipeline.wrapAndCopyInto(AbstractPipeline.java:499) ~[?:?]
	at java.util.stream.ForEachOps$ForEachOp.evaluateSequential(ForEachOps.java:151) ~[?:?]
	at java.util.stream.ForEachOps$ForEachOp$OfRef.evaluateSequential(ForEachOps.java:174) ~[?:?]
	at java.util.stream.AbstractPipeline.evaluate(AbstractPipeline.java:234) ~[?:?]
	at java.util.stream.ReferencePipeline.forEach(ReferencePipeline.java:596) ~[?:?]
	at java.util.stream.ReferencePipeline$7$1.accept(ReferencePipeline.java:276) ~[?:?]
	at java.util.stream.Streams$StreamBuilderImpl.forEachRemaining(Streams.java:411) ~[?:?]
	at java.util.stream.AbstractPipeline.copyInto(AbstractPipeline.java:509) ~[?:?]
	at java.util.stream.AbstractPipeline.wrapAndCopyInto(AbstractPipeline.java:499) ~[?:?]
	at java.util.stream.ForEachOps$ForEachOp.evaluateSequential(ForEachOps.java:151) ~[?:?]
	at java.util.stream.ForEachOps$ForEachOp$OfRef.evaluateSequential(ForEachOps.java:174) ~[?:?]
	at java.util.stream.AbstractPipeline.evaluate(AbstractPipeline.java:234) ~[?:?]
	at java.util.stream.ReferencePipeline.forEach(ReferencePipeline.java:596) ~[?:?]
	at net.minecraft.world.level.levelgen.placement.PlacedFeature.m_226368_(PlacedFeature.java:53) ~[server-1.20.1-20230612.114412-srg.jar%23343!/:?]
	at net.minecraft.world.level.levelgen.placement.PlacedFeature.m_226377_(PlacedFeature.java:42) ~[server-1.20.1-20230612.114412-srg.jar%23343!/:?]
	at net.minecraft.world.level.chunk.ChunkGenerator.m_213609_(ChunkGenerator.java:357) ~[server-1.20.1-20230612.114412-srg.jar%23343!/:?]
	at net.minecraft.world.level.chunk.ChunkStatus.m_279978_(ChunkStatus.java:108) ~[server-1.20.1-20230612.114412-srg.jar%23343!/:?]
	at net.minecraft.world.level.chunk.ChunkStatus$SimpleGenerationTask.m_214024_(ChunkStatus.java:309) ~[server-1.20.1-20230612.114412-srg.jar%23343!/:?]
	at net.minecraft.world.level.chunk.ChunkStatus.m_280308_(ChunkStatus.java:252) ~[server-1.20.1-20230612.114412-srg.jar%23343!/:?]
	at net.minecraft.server.level.ChunkMap.lambda$scheduleChunkGeneration$27(ChunkMap.java:643) ~[server-1.20.1-20230612.114412-srg.jar%23343!/:?]
	at com.mojang.datafixers.util.Either$Left.map(Either.java:38) ~[datafixerupper-6.0.8.jar%2377!/:?]
	at net.minecraft.server.level.ChunkMap.lambda$scheduleChunkGeneration$29(ChunkMap.java:634) ~[server-1.20.1-20230612.114412-srg.jar%23343!/:?]
	at java.util.concurrent.CompletableFuture$UniCompose.tryFire(CompletableFuture.java:1150) ~[?:?]
	at java.util.concurrent.CompletableFuture$Completion.run(CompletableFuture.java:482) ~[?:?]
	at net.minecraft.server.level.ChunkTaskPriorityQueueSorter.m_143188_(ChunkTaskPriorityQueueSorter.java:62) ~[server-1.20.1-20230612.114412-srg.jar%23343!/:?]
	at net.minecraft.util.thread.ProcessorMailbox.m_18759_(ProcessorMailbox.java:91) ~[server-1.20.1-20230612.114412-srg.jar%23343!/:?]
	at net.minecraft.util.thread.ProcessorMailbox.m_18747_(ProcessorMailbox.java:146) ~[server-1.20.1-20230612.114412-srg.jar%23343!/:?]
	at net.minecraft.util.thread.ProcessorMailbox.run(ProcessorMailbox.java:102) ~[server-1.20.1-20230612.114412-srg.jar%23343!/:?]
	at java.util.concurrent.ForkJoinTask$RunnableExecuteAction.exec(ForkJoinTask.java:1423) ~[?:?]
	at java.util.concurrent.ForkJoinTask.doExec(ForkJoinTask.java:387) ~[?:?]
	at java.util.concurrent.ForkJoinPool$WorkQueue.topLevelExec(ForkJoinPool.java:1312) ~[?:?]
	at java.util.concurrent.ForkJoinPool.scan(ForkJoinPool.java:1843) ~[?:?]
	at java.util.concurrent.ForkJoinPool.runWorker(ForkJoinPool.java:1808) ~[?:?]
	at java.util.concurrent.ForkJoinWorkerThread.run(ForkJoinWorkerThread.java:188) ~[?:?]
[24Dec2024 00:08:53.415] [Worker-Main-1/INFO] [lostcities/]: IsCity: true
[24Dec2024 00:08:53.415] [Worker-Main-1/INFO] [lostcities/]:     Level: 1
[24Dec2024 00:08:53.416] [Worker-Main-1/INFO] [lostcities/]:     Building: building2
[24Dec2024 00:08:53.417] [Worker-Main-1/INFO] [lostcities/]:         Floors: 3
[24Dec2024 00:08:53.418] [Worker-Main-1/INFO] [lostcities/]:         Cellars: 1
[24Dec2024 00:08:53.841] [Worker-Main-1/ERROR] [lostcities/]: Error generating chunk 31,36: Cannot invoke "net.minecraft.world.level.block.state.BlockState.m_60734_()" because "state" is null
java.lang.NullPointerException: Cannot invoke "net.minecraft.world.level.block.state.BlockState.m_60734_()" because "state" is null
	at mcjty.lostcities.worldgen.ChunkDriver.correct(ChunkDriver.java:281) ~[lostcities-1.20-7.3.5.jar%23290!/:1.20-7.3.5]
	at mcjty.lostcities.worldgen.ChunkDriver.add(ChunkDriver.java:322) ~[lostcities-1.20-7.3.5.jar%23290!/:1.20-7.3.5]
	at mcjty.lostcities.worldgen.gen.Stuff.actuallyGenerateStuff(Stuff.java:96) ~[lostcities-1.20-7.3.5.jar%23290!/:1.20-7.3.5]
	at mcjty.lostcities.worldgen.gen.Stuff.generateStuff(Stuff.java:36) ~[lostcities-1.20-7.3.5.jar%23290!/:1.20-7.3.5]
	at mcjty.lostcities.worldgen.LostCityTerrainFeature.doCityChunk(LostCityTerrainFeature.java:939) ~[lostcities-1.20-7.3.5.jar%23290!/:1.20-7.3.5]
	at mcjty.lostcities.worldgen.LostCityTerrainFeature.generate(LostCityTerrainFeature.java:297) ~[lostcities-1.20-7.3.5.jar%23290!/:1.20-7.3.5]
	at mcjty.lostcities.worldgen.LostCityFeature.m_142674_(LostCityFeature.java:62) ~[lostcities-1.20-7.3.5.jar%23290!/:1.20-7.3.5]
	at net.minecraft.world.level.levelgen.feature.Feature.m_225028_(Feature.java:155) ~[server-1.20.1-20230612.114412-srg.jar%23343!/:?]
	at net.minecraft.world.level.levelgen.feature.ConfiguredFeature.m_224953_(ConfiguredFeature.java:28) ~[server-1.20.1-20230612.114412-srg.jar%23343!/:?]
	at net.minecraft.world.level.levelgen.placement.PlacedFeature.m_226362_(PlacedFeature.java:54) ~[server-1.20.1-20230612.114412-srg.jar%23343!/:?]
	at java.util.stream.ForEachOps$ForEachOp$OfRef.accept(ForEachOps.java:184) ~[?:?]
	at java.util.stream.ForEachOps$ForEachOp$OfRef.accept(ForEachOps.java:184) ~[?:?]
	at java.util.stream.IntPipeline$1$1.accept(IntPipeline.java:180) ~[?:?]
	at java.util.stream.Streams$RangeIntSpliterator.forEachRemaining(Streams.java:104) ~[?:?]
	at java.util.Spliterator$OfInt.forEachRemaining(Spliterator.java:712) ~[?:?]
	at java.util.stream.AbstractPipeline.copyInto(AbstractPipeline.java:509) ~[?:?]
	at java.util.stream.AbstractPipeline.wrapAndCopyInto(AbstractPipeline.java:499) ~[?:?]
	at java.util.stream.ForEachOps$ForEachOp.evaluateSequential(ForEachOps.java:151) ~[?:?]
	at java.util.stream.ForEachOps$ForEachOp$OfRef.evaluateSequential(ForEachOps.java:174) ~[?:?]
	at java.util.stream.AbstractPipeline.evaluate(AbstractPipeline.java:234) ~[?:?]
	at java.util.stream.ReferencePipeline.forEach(ReferencePipeline.java:596) ~[?:?]
	at java.util.stream.ReferencePipeline$7$1.accept(ReferencePipeline.java:276) ~[?:?]
	at java.util.stream.Streams$StreamBuilderImpl.forEachRemaining(Streams.java:411) ~[?:?]
	at java.util.stream.AbstractPipeline.copyInto(AbstractPipeline.java:509) ~[?:?]
	at java.util.stream.AbstractPipeline.wrapAndCopyInto(AbstractPipeline.java:499) ~[?:?]
	at java.util.stream.ForEachOps$ForEachOp.evaluateSequential(ForEachOps.java:151) ~[?:?]
	at java.util.stream.ForEachOps$ForEachOp$OfRef.evaluateSequential(ForEachOps.java:174) ~[?:?]
	at java.util.stream.AbstractPipeline.evaluate(AbstractPipeline.java:234) ~[?:?]
	at java.util.stream.ReferencePipeline.forEach(ReferencePipeline.java:596) ~[?:?]
	at net.minecraft.world.level.levelgen.placement.PlacedFeature.m_226368_(PlacedFeature.java:53) ~[server-1.20.1-20230612.114412-srg.jar%23343!/:?]
	at net.minecraft.world.level.levelgen.placement.PlacedFeature.m_226377_(PlacedFeature.java:42) ~[server-1.20.1-20230612.114412-srg.jar%23343!/:?]
	at net.minecraft.world.level.chunk.ChunkGenerator.m_213609_(ChunkGenerator.java:357) ~[server-1.20.1-20230612.114412-srg.jar%23343!/:?]
	at net.minecraft.world.level.chunk.ChunkStatus.m_279978_(ChunkStatus.java:108) ~[server-1.20.1-20230612.114412-srg.jar%23343!/:?]
	at net.minecraft.world.level.chunk.ChunkStatus$SimpleGenerationTask.m_214024_(ChunkStatus.java:309) ~[server-1.20.1-20230612.114412-srg.jar%23343!/:?]
	at net.minecraft.world.level.chunk.ChunkStatus.m_280308_(ChunkStatus.java:252) ~[server-1.20.1-20230612.114412-srg.jar%23343!/:?]
	at net.minecraft.server.level.ChunkMap.lambda$scheduleChunkGeneration$27(ChunkMap.java:643) ~[server-1.20.1-20230612.114412-srg.jar%23343!/:?]
	at com.mojang.datafixers.util.Either$Left.map(Either.java:38) ~[datafixerupper-6.0.8.jar%2377!/:?]
	at net.minecraft.server.level.ChunkMap.lambda$scheduleChunkGeneration$29(ChunkMap.java:634) ~[server-1.20.1-20230612.114412-srg.jar%23343!/:?]
	at java.util.concurrent.CompletableFuture$UniCompose.tryFire(CompletableFuture.java:1150) ~[?:?]
	at java.util.concurrent.CompletableFuture$Completion.run(CompletableFuture.java:482) ~[?:?]
	at net.minecraft.server.level.ChunkTaskPriorityQueueSorter.m_143188_(ChunkTaskPriorityQueueSorter.java:62) ~[server-1.20.1-20230612.114412-srg.jar%23343!/:?]
	at net.minecraft.util.thread.ProcessorMailbox.m_18759_(ProcessorMailbox.java:91) ~[server-1.20.1-20230612.114412-srg.jar%23343!/:?]
	at net.minecraft.util.thread.ProcessorMailbox.m_18747_(ProcessorMailbox.java:146) ~[server-1.20.1-20230612.114412-srg.jar%23343!/:?]
	at net.minecraft.util.thread.ProcessorMailbox.run(ProcessorMailbox.java:102) ~[server-1.20.1-20230612.114412-srg.jar%23343!/:?]
	at java.util.concurrent.ForkJoinTask$RunnableExecuteAction.exec(ForkJoinTask.java:1423) ~[?:?]
	at java.util.concurrent.ForkJoinTask.doExec(ForkJoinTask.java:387) ~[?:?]
	at java.util.concurrent.ForkJoinPool$WorkQueue.topLevelExec(ForkJoinPool.java:1312) ~[?:?]
	at java.util.concurrent.ForkJoinPool.scan(ForkJoinPool.java:1843) ~[?:?]
	at java.util.concurrent.ForkJoinPool.runWorker(ForkJoinPool.java:1808) ~[?:?]
	at java.util.concurrent.ForkJoinWorkerThread.run(ForkJoinWorkerThread.java:188) ~[?:?]
[24Dec2024 00:08:53.844] [Worker-Main-1/INFO] [lostcities/]: IsCity: true
[24Dec2024 00:08:53.844] [Worker-Main-1/INFO] [lostcities/]:     Level: 1
[24Dec2024 00:08:53.844] [Worker-Main-1/INFO] [lostcities/]:     Building: building4
[24Dec2024 00:08:53.844] [Worker-Main-1/INFO] [lostcities/]:         Floors: 2
[24Dec2024 00:08:53.844] [Worker-Main-1/INFO] [lostcities/]:         Cellars: 4
[24Dec2024 00:08:54.172] [Worker-Main-1/ERROR] [lostcities/]: Error generating chunk 31,38: null
java.lang.NullPointerException: null
[24Dec2024 00:08:54.172] [Worker-Main-1/INFO] [lostcities/]: IsCity: true
[24Dec2024 00:08:54.172] [Worker-Main-1/INFO] [lostcities/]:     Level: 1
[24Dec2024 00:08:54.172] [Worker-Main-1/INFO] [lostcities/]:     Building: building5
[24Dec2024 00:08:54.172] [Worker-Main-1/INFO] [lostcities/]:         Floors: 2
[24Dec2024 00:08:54.172] [Worker-Main-1/INFO] [lostcities/]:         Cellars: 2
[24Dec2024 00:08:54.424] [Worker-Main-1/ERROR] [lostcities/]: Error generating chunk 31,39: null
java.lang.NullPointerException: null
[24Dec2024 00:08:54.425] [Worker-Main-1/INFO] [lostcities/]: IsCity: true
[24Dec2024 00:08:54.425] [Worker-Main-1/INFO] [lostcities/]:     Level: 1
[24Dec2024 00:08:54.425] [Worker-Main-1/INFO] [lostcities/]:     Building: building7
[24Dec2024 00:08:54.425] [Worker-Main-1/INFO] [lostcities/]:         Floors: 5
[24Dec2024 00:08:54.425] [Worker-Main-1/INFO] [lostcities/]:         Cellars: 3
[24Dec2024 00:08:54.493] [Worker-Main-1/ERROR] [lostcities/]: Error generating chunk 31,40: null
java.lang.NullPointerException: null
[24Dec2024 00:08:54.506] [Worker-Main-1/INFO] [lostcities/]: IsCity: true
[24Dec2024 00:08:54.507] [Worker-Main-1/INFO] [lostcities/]:     Level: 1
[24Dec2024 00:08:54.507] [Worker-Main-1/INFO] [lostcities/]:     Building: building2
[24Dec2024 00:08:54.507] [Worker-Main-1/INFO] [lostcities/]:         Floors: 2
[24Dec2024 00:08:54.507] [Worker-Main-1/INFO] [lostcities/]:         Cellars: 2
[24Dec2024 00:09:06.076] [Thread-462/INFO] [net.minecraft.server.MinecraftServer/]: <Dxn1el_Is> ocupamos lana?
[24Dec2024 00:09:13.354] [Thread-463/INFO] [net.minecraft.server.MinecraftServer/]: <NotTrainok> si para las curas
[24Dec2024 00:09:21.972] [Worker-Main-1/ERROR] [lostcities/]: Error generating chunk 32,37: null
java.lang.NullPointerException: null
[24Dec2024 00:09:21.972] [Worker-Main-1/INFO] [lostcities/]: IsCity: true
[24Dec2024 00:09:21.972] [Worker-Main-1/INFO] [lostcities/]:     Level: 1
[24Dec2024 00:09:21.972] [Worker-Main-1/INFO] [lostcities/]:     Building: building2
[24Dec2024 00:09:21.972] [Worker-Main-1/INFO] [lostcities/]:         Floors: 1
[24Dec2024 00:09:21.973] [Worker-Main-1/INFO] [lostcities/]:         Cellars: 0
[24Dec2024 00:09:22.269] [Worker-Main-1/ERROR] [lostcities/]: Error generating chunk 32,39: null
java.lang.NullPointerException: null
[24Dec2024 00:09:22.270] [Worker-Main-1/INFO] [lostcities/]: IsCity: true
[24Dec2024 00:09:22.270] [Worker-Main-1/INFO] [lostcities/]:     Level: 1
[24Dec2024 00:09:22.270] [Worker-Main-1/INFO] [lostcities/]:     Building: building1
[24Dec2024 00:09:22.270] [Worker-Main-1/INFO] [lostcities/]:         Floors: 2
[24Dec2024 00:09:22.270] [Worker-Main-1/INFO] [lostcities/]:         Cellars: 0
[24Dec2024 00:09:28.125] [Worker-Main-1/ERROR] [lostcities/]: Error generating chunk 33,36: null
java.lang.NullPointerException: null
[24Dec2024 00:09:28.127] [Worker-Main-1/INFO] [lostcities/]: IsCity: true
[24Dec2024 00:09:28.127] [Worker-Main-1/INFO] [lostcities/]:     Level: 1
[24Dec2024 00:09:28.128] [Worker-Main-1/INFO] [lostcities/]:     Building: building8
[24Dec2024 00:09:28.128] [Worker-Main-1/INFO] [lostcities/]:         Floors: 3
[24Dec2024 00:09:28.129] [Worker-Main-1/INFO] [lostcities/]:         Cellars: 2
[24Dec2024 00:09:33.426] [Worker-Main-1/ERROR] [lostcities/]: Error generating chunk 34,32: null
java.lang.NullPointerException: null
[24Dec2024 00:09:33.428] [Worker-Main-1/INFO] [lostcities/]: IsCity: true
[24Dec2024 00:09:33.429] [Worker-Main-1/INFO] [lostcities/]:     Level: 1
[24Dec2024 00:09:33.430] [Worker-Main-1/INFO] [lostcities/]:     Building: building3
[24Dec2024 00:09:33.430] [Worker-Main-1/INFO] [lostcities/]:         Floors: 3
[24Dec2024 00:09:33.431] [Worker-Main-1/INFO] [lostcities/]:         Cellars: 3
[24Dec2024 00:09:34.477] [Worker-Main-1/ERROR] [lostcities/]: Error generating chunk 34,28: null
java.lang.NullPointerException: null
[24Dec2024 00:09:34.477] [Worker-Main-1/INFO] [lostcities/]: IsCity: true
[24Dec2024 00:09:34.478] [Worker-Main-1/INFO] [lostcities/]:     Level: 1
[24Dec2024 00:09:34.478] [Worker-Main-1/INFO] [lostcities/]:     Multibuilding: multi4
[24Dec2024 00:09:34.478] [Worker-Main-1/INFO] [lostcities/]:     Building: building4
[24Dec2024 00:09:34.478] [Worker-Main-1/INFO] [lostcities/]:         Floors: 3
[24Dec2024 00:09:34.478] [Worker-Main-1/INFO] [lostcities/]:         Cellars: 3
[24Dec2024 00:09:34.633] [Worker-Main-1/ERROR] [lostcities/]: Error generating chunk 34,27: null
java.lang.NullPointerException: null
[24Dec2024 00:09:34.633] [Worker-Main-1/INFO] [lostcities/]: IsCity: true
[24Dec2024 00:09:34.633] [Worker-Main-1/INFO] [lostcities/]:     Level: 1
[24Dec2024 00:09:34.633] [Worker-Main-1/INFO] [lostcities/]:     Multibuilding: multi4
[24Dec2024 00:09:34.633] [Worker-Main-1/INFO] [lostcities/]:     Building: building4
[24Dec2024 00:09:34.634] [Worker-Main-1/INFO] [lostcities/]:         Floors: 3
[24Dec2024 00:09:34.634] [Worker-Main-1/INFO] [lostcities/]:         Cellars: 3
[24Dec2024 00:09:34.780] [Worker-Main-1/ERROR] [lostcities/]: Error generating chunk 34,25: null
java.lang.NullPointerException: null
[24Dec2024 00:09:34.781] [Worker-Main-1/INFO] [lostcities/]: IsCity: true
[24Dec2024 00:09:34.782] [Worker-Main-1/INFO] [lostcities/]:     Level: 1
[24Dec2024 00:09:34.783] [Worker-Main-1/INFO] [lostcities/]:     Building: building7
[24Dec2024 00:09:34.783] [Worker-Main-1/INFO] [lostcities/]:         Floors: 1
[24Dec2024 00:09:34.784] [Worker-Main-1/INFO] [lostcities/]:         Cellars: 3
[24Dec2024 00:09:36.206] [Worker-Main-1/ERROR] [lostcities/]: Error generating chunk 34,18: null
java.lang.NullPointerException: null
[24Dec2024 00:09:36.207] [Worker-Main-1/INFO] [lostcities/]: IsCity: true
[24Dec2024 00:09:36.208] [Worker-Main-1/INFO] [lostcities/]:     Level: 1
[24Dec2024 00:09:36.208] [Worker-Main-1/INFO] [lostcities/]:     Building: building1
[24Dec2024 00:09:36.208] [Worker-Main-1/INFO] [lostcities/]:         Floors: 2
[24Dec2024 00:09:36.208] [Worker-Main-1/INFO] [lostcities/]:         Cellars: 2
[24Dec2024 00:09:36.989] [Worker-Main-1/ERROR] [lostcities/]: Error generating chunk 34,36: null
java.lang.NullPointerException: null
[24Dec2024 00:09:36.989] [Worker-Main-1/INFO] [lostcities/]: IsCity: true
[24Dec2024 00:09:36.989] [Worker-Main-1/INFO] [lostcities/]:     Level: 2
[24Dec2024 00:09:36.989] [Worker-Main-1/INFO] [lostcities/]:     Building: building8
[24Dec2024 00:09:36.989] [Worker-Main-1/INFO] [lostcities/]:         Floors: 2
[24Dec2024 00:09:36.989] [Worker-Main-1/INFO] [lostcities/]:         Cellars: 1
[24Dec2024 00:09:37.403] [Worker-Main-1/ERROR] [lostcities/]: Error generating chunk 34,38: null
java.lang.NullPointerException: null
[24Dec2024 00:09:37.403] [Worker-Main-1/INFO] [lostcities/]: IsCity: true
[24Dec2024 00:09:37.404] [Worker-Main-1/INFO] [lostcities/]:     Level: 2
[24Dec2024 00:09:37.404] [Worker-Main-1/INFO] [lostcities/]:     Building: building5
[24Dec2024 00:09:37.404] [Worker-Main-1/INFO] [lostcities/]:         Floors: 2
[24Dec2024 00:09:37.404] [Worker-Main-1/INFO] [lostcities/]:         Cellars: 4
[24Dec2024 00:09:49.147] [Worker-Main-1/ERROR] [lostcities/]: Error generating chunk 35,23: null
java.lang.NullPointerException: null
[24Dec2024 00:09:49.162] [Worker-Main-1/INFO] [lostcities/]: IsCity: true
[24Dec2024 00:09:49.165] [Worker-Main-1/INFO] [lostcities/]:     Level: 1
[24Dec2024 00:09:49.167] [Worker-Main-1/INFO] [lostcities/]:     Building: building8
[24Dec2024 00:09:49.170] [Worker-Main-1/INFO] [lostcities/]:         Floors: 3
[24Dec2024 00:09:49.171] [Worker-Main-1/INFO] [lostcities/]:         Cellars: 2
[24Dec2024 00:09:49.431] [Worker-Main-1/ERROR] [lostcities/]: Error generating chunk 35,24: null
java.lang.NullPointerException: null
[24Dec2024 00:09:49.435] [Worker-Main-1/INFO] [lostcities/]: IsCity: true
[24Dec2024 00:09:49.437] [Worker-Main-1/INFO] [lostcities/]:     Level: 1
[24Dec2024 00:09:49.439] [Worker-Main-1/INFO] [lostcities/]:     Building: building1
[24Dec2024 00:09:49.440] [Worker-Main-1/INFO] [lostcities/]:         Floors: 1
[24Dec2024 00:09:49.440] [Worker-Main-1/INFO] [lostcities/]:         Cellars: 2
[24Dec2024 00:09:49.835] [Worker-Main-1/ERROR] [lostcities/]: Error generating chunk 35,26: null
java.lang.NullPointerException: null
[24Dec2024 00:09:49.841] [Worker-Main-1/INFO] [lostcities/]: IsCity: true
[24Dec2024 00:09:49.843] [Worker-Main-1/INFO] [lostcities/]:     Level: 1
[24Dec2024 00:09:49.845] [Worker-Main-1/INFO] [lostcities/]:     Multibuilding: multi4
[24Dec2024 00:09:49.847] [Worker-Main-1/INFO] [lostcities/]:     Building: building4
[24Dec2024 00:09:49.848] [Worker-Main-1/INFO] [lostcities/]:         Floors: 2
[24Dec2024 00:09:49.848] [Worker-Main-1/INFO] [lostcities/]:         Cellars: 4
[24Dec2024 00:09:49.885] [Worker-Main-1/ERROR] [lostcities/]: Error generating chunk 35,27: null
java.lang.NullPointerException: null
[24Dec2024 00:09:49.889] [Worker-Main-1/INFO] [lostcities/]: IsCity: true
[24Dec2024 00:09:49.891] [Worker-Main-1/INFO] [lostcities/]:     Level: 1
[24Dec2024 00:09:49.893] [Worker-Main-1/INFO] [lostcities/]:     Multibuilding: multi4
[24Dec2024 00:09:49.894] [Worker-Main-1/INFO] [lostcities/]:     Building: building4
[24Dec2024 00:09:49.895] [Worker-Main-1/INFO] [lostcities/]:         Floors: 2
[24Dec2024 00:09:49.895] [Worker-Main-1/INFO] [lostcities/]:         Cellars: 4
[24Dec2024 00:09:50.671] [Worker-Main-1/ERROR] [lostcities/]: Error generating chunk 35,30: null
java.lang.NullPointerException: null
[24Dec2024 00:09:50.672] [Worker-Main-1/INFO] [lostcities/]: IsCity: true
[24Dec2024 00:09:50.673] [Worker-Main-1/INFO] [lostcities/]:     Level: 1
[24Dec2024 00:09:50.673] [Worker-Main-1/INFO] [lostcities/]:     Building: building2
[24Dec2024 00:09:50.673] [Worker-Main-1/INFO] [lostcities/]:         Floors: 1
[24Dec2024 00:09:50.674] [Worker-Main-1/INFO] [lostcities/]:         Cellars: 4
[24Dec2024 00:09:52.504] [Thread-464/INFO] [net.minecraft.server.MinecraftServer/]: <Dxn1el_Is> encontre un carro
[24Dec2024 00:09:57.271] [Thread-465/INFO] [net.minecraft.server.MinecraftServer/]: <NotTrainok> god
[24Dec2024 00:10:01.506] [Thread-466/INFO] [net.minecraft.server.MinecraftServer/]: <NotTrainok> llevatelo
[24Dec2024 00:10:20.930] [Worker-Main-92/ERROR] [lostcities/]: Error generating chunk 35,33: null
java.lang.NullPointerException: null
[24Dec2024 00:10:20.931] [Worker-Main-92/INFO] [lostcities/]: IsCity: true
[24Dec2024 00:10:20.931] [Worker-Main-92/INFO] [lostcities/]:     Level: 1
[24Dec2024 00:10:20.933] [Worker-Main-92/INFO] [lostcities/]:     Building: building6
[24Dec2024 00:10:20.935] [Worker-Main-92/INFO] [lostcities/]:         Floors: 5
[24Dec2024 00:10:20.937] [Worker-Main-92/INFO] [lostcities/]:         Cellars: 0
[24Dec2024 00:10:21.324] [Worker-Main-92/ERROR] [lostcities/]: Error generating chunk 35,35: null
java.lang.NullPointerException: null
[24Dec2024 00:10:21.325] [Worker-Main-92/INFO] [lostcities/]: IsCity: true
[24Dec2024 00:10:21.325] [Worker-Main-92/INFO] [lostcities/]:     Level: 2
[24Dec2024 00:10:21.325] [Worker-Main-92/INFO] [lostcities/]:     Building: building3
[24Dec2024 00:10:21.325] [Worker-Main-92/INFO] [lostcities/]:         Floors: 5
[24Dec2024 00:10:21.325] [Worker-Main-92/INFO] [lostcities/]:         Cellars: 2
[24Dec2024 00:10:33.114] [Server thread/WARN] [net.minecraft.server.network.ServerGamePacketListenerImpl/]: Rejecting UseItemOnPacket from Dxn1el_Is: Location (346.39270555973053, 77.48564147949219, 405.0) too far away from hit block BlockPos{x=345, y=76, z=406}.
[24Dec2024 00:10:33.153] [Server thread/WARN] [net.minecraft.server.network.ServerGamePacketListenerImpl/]: Rejecting UseItemOnPacket from Dxn1el_Is: Location (346.39270555973053, 77.48564147949219, 405.0) too far away from hit block BlockPos{x=345, y=76, z=406}.
[24Dec2024 00:10:33.961] [Server thread/WARN] [net.minecraft.server.network.ServerGamePacketListenerImpl/]: Rejecting UseItemOnPacket from Dxn1el_Is: Location (345.59132492542267, 77.39318096637726, 405.0) too far away from hit block BlockPos{x=345, y=76, z=406}.
[24Dec2024 00:10:34.007] [Server thread/WARN] [net.minecraft.server.network.ServerGamePacketListenerImpl/]: Rejecting UseItemOnPacket from Dxn1el_Is: Location (345.59132492542267, 77.39318096637726, 405.0) too far away from hit block BlockPos{x=345, y=76, z=406}.
[24Dec2024 00:10:34.914] [Server thread/WARN] [net.minecraft.server.network.ServerGamePacketListenerImpl/]: Rejecting UseItemOnPacket from Dxn1el_Is: Location (345.2888950705528, 77.46980452537537, 405.0) too far away from hit block BlockPos{x=345, y=76, z=406}.
[24Dec2024 00:10:34.955] [Server thread/WARN] [net.minecraft.server.network.ServerGamePacketListenerImpl/]: Rejecting UseItemOnPacket from Dxn1el_Is: Location (345.2888950705528, 77.46980452537537, 405.0) too far away from hit block BlockPos{x=345, y=76, z=406}.
[24Dec2024 00:10:36.218] [Server thread/WARN] [net.minecraft.server.network.ServerGamePacketListenerImpl/]: Rejecting UseItemOnPacket from Dxn1el_Is: Location (345.9860545992851, 77.47171223163605, 405.0) too far away from hit block BlockPos{x=345, y=76, z=406}.
[24Dec2024 00:10:36.222] [Server thread/WARN] [net.minecraft.server.network.ServerGamePacketListenerImpl/]: Rejecting UseItemOnPacket from Dxn1el_Is: Location (345.9860545992851, 77.47171223163605, 405.0) too far away from hit block BlockPos{x=345, y=76, z=406}.
[24Dec2024 00:10:41.281] [Thread-467/INFO] [net.minecraft.server.MinecraftServer/]: <Dxn1el_Is> no me lo puedo llevar
[24Dec2024 00:10:52.371] [Thread-468/INFO] [net.minecraft.server.MinecraftServer/]: <NotTrainok> q
[24Dec2024 00:10:54.357] [Thread-469/INFO] [net.minecraft.server.MinecraftServer/]: <NotTrainok> cc
[24Dec2024 00:12:00.173] [Thread-471/INFO] [net.minecraft.server.MinecraftServer/]: <Dxn1el_Is> ya me lo lleve
[24Dec2024 00:12:25.183] [Thread-472/INFO] [net.minecraft.server.MinecraftServer/]: <NotTrainok> la comida se pudre
[24Dec2024 00:12:33.456] [Thread-473/INFO] [net.minecraft.server.MinecraftServer/]: <NotTrainok> zzz
[24Dec2024 00:13:10.908] [Thread-476/INFO] [net.minecraft.server.MinecraftServer/]: <Dxn1el_Is> zz
[24Dec2024 00:13:17.688] [Thread-477/INFO] [net.minecraft.server.MinecraftServer/]: <NotTrainok> zz
[24Dec2024 00:13:39.942] [Server thread/INFO] [net.minecraft.server.MinecraftServer/]: [NotTrainok: Created new objective [Vida]]
[24Dec2024 00:13:55.363] [Server thread/INFO] [net.minecraft.server.MinecraftServer/]: [NotTrainok: Set display slot list to show objective Vida]
[24Dec2024 00:16:05.105] [Thread-479/INFO] [net.minecraft.server.MinecraftServer/]: <Dxn1el_Is> estas en la base?
[24Dec2024 00:16:09.712] [Thread-480/INFO] [net.minecraft.server.MinecraftServer/]: <NotTrainok> sdi
[24Dec2024 00:16:36.007] [Thread-483/INFO] [net.minecraft.server.MinecraftServer/]: <Dxn1el_Is> mira
[24Dec2024 00:16:39.651] [Server thread/WARN] [net.minecraft.server.network.ServerGamePacketListenerImpl/]: Rejecting UseItemOnPacket from NotTrainok: Location (67.0, 132.48403453826904, 74.69526100158691) too far away from hit block BlockPos{x=66, y=131, z=72}.
[24Dec2024 00:16:39.693] [Server thread/WARN] [net.minecraft.server.network.ServerGamePacketListenerImpl/]: Rejecting UseItemOnPacket from NotTrainok: Location (67.0, 132.48403453826904, 74.69526100158691) too far away from hit block BlockPos{x=66, y=131, z=72}.
[24Dec2024 00:16:44.206] [Server thread/WARN] [net.minecraft.server.network.ServerGamePacketListenerImpl/]: Rejecting UseItemOnPacket from NotTrainok: Location (67.05717158317566, 133.0159330368042, 71.0) too far away from hit block BlockPos{x=66, y=131, z=72}.
[24Dec2024 00:16:44.250] [Server thread/WARN] [net.minecraft.server.network.ServerGamePacketListenerImpl/]: Rejecting UseItemOnPacket from NotTrainok: Location (67.05717158317566, 133.0159330368042, 71.0) too far away from hit block BlockPos{x=66, y=131, z=72}.
[24Dec2024 00:16:44.488] [Server thread/WARN] [net.minecraft.server.network.ServerGamePacketListenerImpl/]: Rejecting UseItemOnPacket from NotTrainok: Location (66.26512452960014, 132.6558004617691, 71.0) too far away from hit block BlockPos{x=66, y=131, z=72}.
[24Dec2024 00:16:44.488] [Server thread/WARN] [net.minecraft.server.network.ServerGamePacketListenerImpl/]: Rejecting UseItemOnPacket from NotTrainok: Location (66.26512452960014, 132.6558004617691, 71.0) too far away from hit block BlockPos{x=66, y=131, z=72}.
[24Dec2024 00:16:44.956] [Server thread/WARN] [net.minecraft.server.network.ServerGamePacketListenerImpl/]: Rejecting UseItemOnPacket from NotTrainok: Location (66.23885837197304, 132.55475187301636, 71.0) too far away from hit block BlockPos{x=66, y=131, z=72}.
[24Dec2024 00:16:44.957] [Server thread/WARN] [net.minecraft.server.network.ServerGamePacketListenerImpl/]: Rejecting UseItemOnPacket from NotTrainok: Location (66.23885837197304, 132.55475187301636, 71.0) too far away from hit block BlockPos{x=66, y=131, z=72}.
[24Dec2024 00:16:45.488] [Server thread/WARN] [net.minecraft.server.network.ServerGamePacketListenerImpl/]: Rejecting UseItemOnPacket from NotTrainok: Location (66.30630189180374, 132.87193775177002, 71.0) too far away from hit block BlockPos{x=66, y=131, z=72}.
[24Dec2024 00:16:45.488] [Server thread/WARN] [net.minecraft.server.network.ServerGamePacketListenerImpl/]: Rejecting UseItemOnPacket from NotTrainok: Location (66.30630189180374, 132.87193775177002, 71.0) too far away from hit block BlockPos{x=66, y=131, z=72}.
[24Dec2024 00:16:45.790] [Server thread/WARN] [net.minecraft.server.network.ServerGamePacketListenerImpl/]: Rejecting UseItemOnPacket from NotTrainok: Location (66.33723473548889, 133.02832293510437, 71.0) too far away from hit block BlockPos{x=66, y=131, z=72}.
[24Dec2024 00:16:45.791] [Server thread/WARN] [net.minecraft.server.network.ServerGamePacketListenerImpl/]: Rejecting UseItemOnPacket from NotTrainok: Location (66.33723473548889, 133.02832293510437, 71.0) too far away from hit block BlockPos{x=66, y=131, z=72}.
[24Dec2024 00:16:47.099] [Server thread/WARN] [net.minecraft.server.network.ServerGamePacketListenerImpl/]: Rejecting UseItemOnPacket from NotTrainok: Location (66.40903547406197, 132.93964660167694, 71.0) too far away from hit block BlockPos{x=66, y=131, z=72}.
[24Dec2024 00:16:47.099] [Server thread/WARN] [net.minecraft.server.network.ServerGamePacketListenerImpl/]: Rejecting UseItemOnPacket from NotTrainok: Location (66.40903547406197, 132.93964660167694, 71.0) too far away from hit block BlockPos{x=66, y=131, z=72}.
[24Dec2024 00:17:02.001] [Thread-484/INFO] [net.minecraft.server.MinecraftServer/]: <Dxn1el_Is> mira
[24Dec2024 00:17:28.350] [Thread-485/INFO] [net.minecraft.server.MinecraftServer/]: <Dxn1el_Is> XD
[24Dec2024 00:17:35.504] [Thread-486/INFO] [net.minecraft.server.MinecraftServer/]: <NotTrainok> mete la comida para que no se pudra
[24Dec2024 00:18:32.070] [Thread-487/INFO] [net.minecraft.server.MinecraftServer/]: <Dxn1el_Is> en la nevera
[24Dec2024 00:18:36.668] [Thread-488/INFO] [net.minecraft.server.MinecraftServer/]: <Dxn1el_Is> metela tu
[24Dec2024 00:19:07.051] [Thread-489/INFO] [net.minecraft.server.MinecraftServer/]: <NotTrainok> toma
[24Dec2024 00:19:31.011] [Thread-491/INFO] [net.minecraft.server.MinecraftServer/]: <Dxn1el_Is> ty
[24Dec2024 00:19:56.610] [Thread-492/INFO] [net.minecraft.server.MinecraftServer/]: <Dxn1el_Is> q es esto
[24Dec2024 00:20:08.115] [Thread-493/INFO] [net.minecraft.server.MinecraftServer/]: <NotTrainok> una radio
[24Dec2024 00:20:40.930] [Thread-494/INFO] [net.minecraft.server.MinecraftServer/]: <NotTrainok> aver el carro
[24Dec2024 00:20:50.960] [Thread-496/INFO] [net.minecraft.server.MinecraftServer/]: <Dxn1el_Is> aca
[24Dec2024 00:21:14.488] [Server thread/WARN] [net.minecraft.server.network.ServerGamePacketListenerImpl/]: Rejecting UseItemOnPacket from NotTrainok: Location (122.12458825111389, 138.06837904453278, 39.0) too far away from hit block BlockPos{x=121, y=137, z=37}.
[24Dec2024 00:21:14.488] [Server thread/WARN] [net.minecraft.server.network.ServerGamePacketListenerImpl/]: Rejecting UseItemOnPacket from NotTrainok: Location (122.12458825111389, 138.06837904453278, 39.0) too far away from hit block BlockPos{x=121, y=137, z=37}.
[24Dec2024 00:21:48.851] [Server thread/WARN] [net.minecraft.server.network.ServerGamePacketListenerImpl/]: Rejecting UseItemOnPacket from Dxn1el_Is: Location (118.8856565952301, 138.11970603466034, 39.0) too far away from hit block BlockPos{x=120, y=137, z=38}.
[24Dec2024 00:21:48.852] [Server thread/WARN] [net.minecraft.server.network.ServerGamePacketListenerImpl/]: Rejecting UseItemOnPacket from Dxn1el_Is: Location (118.8856565952301, 138.11970603466034, 39.0) too far away from hit block BlockPos{x=120, y=137, z=38}.
[24Dec2024 00:21:50.053] [Server thread/WARN] [net.minecraft.server.network.ServerGamePacketListenerImpl/]: Rejecting UseItemOnPacket from Dxn1el_Is: Location (118.125, 138.53918731212616, 38.633214712142944) too far away from hit block BlockPos{x=120, y=137, z=38}.
[24Dec2024 00:21:50.054] [Server thread/WARN] [net.minecraft.server.network.ServerGamePacketListenerImpl/]: Rejecting UseItemOnPacket from Dxn1el_Is: Location (118.125, 138.53918731212616, 38.633214712142944) too far away from hit block BlockPos{x=120, y=137, z=38}.
[24Dec2024 00:21:51.701] [Server thread/WARN] [net.minecraft.server.network.ServerGamePacketListenerImpl/]: Rejecting UseItemOnPacket from Dxn1el_Is: Location (119.0, 138.25664913654327, 39.43245995044708) too far away from hit block BlockPos{x=120, y=137, z=38}.
[24Dec2024 00:21:51.702] [Server thread/WARN] [net.minecraft.server.network.ServerGamePacketListenerImpl/]: Rejecting UseItemOnPacket from Dxn1el_Is: Location (119.0, 138.25664913654327, 39.43245995044708) too far away from hit block BlockPos{x=120, y=137, z=38}.
[24Dec2024 00:21:52.052] [Server thread/WARN] [net.minecraft.server.network.ServerGamePacketListenerImpl/]: Rejecting UseItemOnPacket from Dxn1el_Is: Location (119.0, 138.24117720127106, 39.42250382900238) too far away from hit block BlockPos{x=120, y=137, z=38}.
[24Dec2024 00:21:52.053] [Server thread/WARN] [net.minecraft.server.network.ServerGamePacketListenerImpl/]: Rejecting UseItemOnPacket from Dxn1el_Is: Location (119.0, 138.24117720127106, 39.42250382900238) too far away from hit block BlockPos{x=120, y=137, z=38}.
[24Dec2024 00:21:52.702] [Server thread/WARN] [net.minecraft.server.network.ServerGamePacketListenerImpl/]: Rejecting UseItemOnPacket from Dxn1el_Is: Location (119.0, 138.4917597770691, 39.35593068599701) too far away from hit block BlockPos{x=120, y=137, z=38}.
[24Dec2024 00:21:52.703] [Server thread/WARN] [net.minecraft.server.network.ServerGamePacketListenerImpl/]: Rejecting UseItemOnPacket from Dxn1el_Is: Location (119.0, 138.4917597770691, 39.35593068599701) too far away from hit block BlockPos{x=120, y=137, z=38}.
[24Dec2024 00:21:55.254] [Thread-497/INFO] [net.minecraft.server.MinecraftServer/]: <NotTrainok> solo es decoracion XD
[24Dec2024 00:21:58.422] [Thread-498/INFO] [net.minecraft.server.MinecraftServer/]: <Dxn1el_Is> se
[24Dec2024 00:22:55.650] [Thread-499/INFO] [net.minecraft.server.MinecraftServer/]: <Dxn1el_Is> si quieres ayudame a aplanar
[24Dec2024 00:24:13.588] [Thread-501/INFO] [net.minecraft.server.MinecraftServer/]: <NotTrainok> zz
[24Dec2024 00:25:01.552] [Thread-502/INFO] [net.minecraft.server.MinecraftServer/]: <Dxn1el_Is> de donde has sacado 3 muertes
[24Dec2024 00:25:10.791] [Thread-503/INFO] [net.minecraft.server.MinecraftServer/]: <NotTrainok> al inicio
[24Dec2024 00:27:14.302] [Server thread/INFO] [net.minecraft.server.network.ServerGamePacketListenerImpl/]: Dxn1el_Is lost connection: Timed out
[24Dec2024 00:27:14.302] [Server thread/INFO] [net.minecraft.server.MinecraftServer/]: Dxn1el_Is left the game
[24Dec2024 00:28:29.600] [Server thread/INFO] [net.minecraft.server.MinecraftServer/]: [NotTrainok: Stopping the server]
[24Dec2024 00:28:29.658] [Server thread/INFO] [net.minecraft.server.MinecraftServer/]: Stopping server
[24Dec2024 00:28:29.661] [Server thread/INFO] [net.minecraft.server.MinecraftServer/]: Saving players
[24Dec2024 00:28:29.669] [Server thread/INFO] [net.minecraft.server.network.ServerGamePacketListenerImpl/]: NotTrainok lost connection: Server closed
[24Dec2024 00:28:29.669] [Server thread/INFO] [net.minecraft.server.MinecraftServer/]: NotTrainok left the game
[24Dec2024 00:28:29.674] [Server thread/INFO] [net.minecraft.server.MinecraftServer/]: Saving worlds
[24Dec2024 00:28:29.765] [Server thread/INFO] [net.minecraft.server.MinecraftServer/]: Saving chunks for level 'ServerLevel[New World]'/minecraft:overworld
[24Dec2024 00:28:30.036] [Server thread/INFO] [net.minecraft.server.MinecraftServer/]: Saving chunks for level 'ServerLevel[New World]'/minecraft:the_nether
[24Dec2024 00:28:30.040] [Server thread/INFO] [net.minecraft.server.MinecraftServer/]: Saving chunks for level 'ServerLevel[New World]'/minecraft:the_end
[24Dec2024 00:28:30.041] [Server thread/INFO] [net.minecraft.server.MinecraftServer/]: Saving chunks for level 'ServerLevel[New World]'/lostcities:lostcity
[24Dec2024 00:28:30.089] [Server thread/INFO] [net.minecraft.server.MinecraftServer/]: ThreadedAnvilChunkStorage (world): All chunks are saved
[24Dec2024 00:28:30.089] [Server thread/INFO] [net.minecraft.server.MinecraftServer/]: ThreadedAnvilChunkStorage (DIM-1): All chunks are saved
[24Dec2024 00:28:30.089] [Server thread/INFO] [net.minecraft.server.MinecraftServer/]: ThreadedAnvilChunkStorage (DIM1): All chunks are saved
[24Dec2024 00:28:30.089] [Server thread/INFO] [net.minecraft.server.MinecraftServer/]: ThreadedAnvilChunkStorage (lostcity): All chunks are saved
[24Dec2024 00:28:30.089] [Server thread/INFO] [net.minecraft.server.MinecraftServer/]: ThreadedAnvilChunkStorage: All dimensions are saved
[24Dec2024 00:28:30.157] [Server thread/INFO] [journeymap/]: Loading JourneyMap Forge Configs
